   1              		.file	"autogen_ekf_propagation_initialize.c"
   9              	.Ltext0:
  10              		.align	2
  11              		.global	autogen_ekf_propagation_initialize
  13              	autogen_ekf_propagation_initialize:
  14              	.LFB2:
  15              	.LM1:
  16              		@ Function supports interworking.
  17              		@ args = 0, pretend = 0, frame = 0
  18              		@ frame_needed = 0, uses_anonymous_args = 0
  19 0000 04E02DE5 		str	lr, [sp, #-4]!
  20              	.LCFI0:
  21              	.LM2:
  22 0004 0800A0E3 		mov	r0, #8
  23 0008 FEFFFFEB 		bl	rt_InitInfAndNaN
  24              	.LM3:
  25 000c 04E09DE4 		ldr	lr, [sp], #4
  26 0010 1EFF2FE1 		bx	lr
  27              	.LFE2:
  59              	.Letext0:
DEFINED SYMBOLS
                            *ABS*:00000000 autogen_ekf_propagation_initialize.c
     /tmp/ccW0oDe2.s:10     .text:00000000 $a
     /tmp/ccW0oDe2.s:13     .text:00000000 autogen_ekf_propagation_initialize
     /tmp/ccW0oDe2.s:42     .debug_frame:00000010 $d

UNDEFINED SYMBOLS
rt_InitInfAndNaN
