   1              		.file	"interrupt_utils.c"
   9              	.Ltext0:
  10              		.align	2
  11              		.global	disableIRQ
  13              	disableIRQ:
  14              	.LFB4:
  15              	.LM1:
  16              		@ Function supports interworking.
  17              		@ args = 0, pretend = 0, frame = 4
  18              		@ frame_needed = 1, uses_anonymous_args = 0
  19 0000 0DC0A0E1 		mov	ip, sp
  20              	.LCFI0:
  21 0004 00D82DE9 		stmfd	sp!, {fp, ip, lr, pc}
  22              	.LCFI1:
  23 0008 04B04CE2 		sub	fp, ip, #4
  24              	.LCFI2:
  25 000c 04D04DE2 		sub	sp, sp, #4
  26              	.LCFI3:
  27              	.LM2:
  28 0010 0A0000EB 		bl	__get_cpsr
  29 0014 0030A0E1 		mov	r3, r0
  30 0018 10300BE5 		str	r3, [fp, #-16]
  31              	.LM3:
  32 001c 10301BE5 		ldr	r3, [fp, #-16]
  33 0020 803083E3 		orr	r3, r3, #128
  34 0024 0300A0E1 		mov	r0, r3
  35 0028 0F0000EB 		bl	__set_cpsr
  36              	.LM4:
  37 002c 10301BE5 		ldr	r3, [fp, #-16]
  38              	.LM5:
  39 0030 0300A0E1 		mov	r0, r3
  40 0034 0CD04BE2 		sub	sp, fp, #12
  41 0038 00689DE8 		ldmfd	sp, {fp, sp, lr}
  42 003c 1EFF2FE1 		bx	lr
  43              	.LFE4:
  45              		.align	2
  47              	__get_cpsr:
  48              	.LFB2:
  49              	.LM6:
  50              		@ Function supports interworking.
  51              		@ args = 0, pretend = 0, frame = 4
  52              		@ frame_needed = 1, uses_anonymous_args = 0
  53 0040 0DC0A0E1 		mov	ip, sp
  54              	.LCFI4:
  55 0044 00D82DE9 		stmfd	sp!, {fp, ip, lr, pc}
  56              	.LCFI5:
  57 0048 04B04CE2 		sub	fp, ip, #4
  58              	.LCFI6:
  59 004c 04D04DE2 		sub	sp, sp, #4
  60              	.LCFI7:
  61              	.LM7:
  62 0050 00300FE1 		 mrs  r3, cpsr
  63 0054 10300BE5 		str	r3, [fp, #-16]
  64              	.LM8:
  65 0058 10301BE5 		ldr	r3, [fp, #-16]
  66              	.LM9:
  67 005c 0300A0E1 		mov	r0, r3
  68 0060 0CD04BE2 		sub	sp, fp, #12
  69 0064 00689DE8 		ldmfd	sp, {fp, sp, lr}
  70 0068 1EFF2FE1 		bx	lr
  71              	.LFE2:
  73              		.align	2
  75              	__set_cpsr:
  76              	.LFB3:
  77              	.LM10:
  78              		@ Function supports interworking.
  79              		@ args = 0, pretend = 0, frame = 4
  80              		@ frame_needed = 1, uses_anonymous_args = 0
  81 006c 0DC0A0E1 		mov	ip, sp
  82              	.LCFI8:
  83 0070 00D82DE9 		stmfd	sp!, {fp, ip, lr, pc}
  84              	.LCFI9:
  85 0074 04B04CE2 		sub	fp, ip, #4
  86              	.LCFI10:
  87 0078 04D04DE2 		sub	sp, sp, #4
  88              	.LCFI11:
  89 007c 10000BE5 		str	r0, [fp, #-16]
  90              	.LM11:
  91 0080 10301BE5 		ldr	r3, [fp, #-16]
  92 0084 03F029E1 		 msr  cpsr, r3
  93              	.LM12:
  94 0088 0CD04BE2 		sub	sp, fp, #12
  95 008c 00689DE8 		ldmfd	sp, {fp, sp, lr}
  96 0090 1EFF2FE1 		bx	lr
  97              	.LFE3:
  99              		.align	2
 100              		.global	restoreIRQ
 102              	restoreIRQ:
 103              	.LFB5:
 104              	.LM13:
 105              		@ Function supports interworking.
 106              		@ args = 0, pretend = 0, frame = 8
 107              		@ frame_needed = 1, uses_anonymous_args = 0
 108 0094 0DC0A0E1 		mov	ip, sp
 109              	.LCFI12:
 110 0098 00D82DE9 		stmfd	sp!, {fp, ip, lr, pc}
 111              	.LCFI13:
 112 009c 04B04CE2 		sub	fp, ip, #4
 113              	.LCFI14:
 114 00a0 08D04DE2 		sub	sp, sp, #8
 115              	.LCFI15:
 116 00a4 14000BE5 		str	r0, [fp, #-20]
 117              	.LM14:
 118 00a8 E4FFFFEB 		bl	__get_cpsr
 119 00ac 0030A0E1 		mov	r3, r0
 120 00b0 10300BE5 		str	r3, [fp, #-16]
 121              	.LM15:
 122 00b4 10301BE5 		ldr	r3, [fp, #-16]
 123 00b8 8020C3E3 		bic	r2, r3, #128
 124 00bc 14301BE5 		ldr	r3, [fp, #-20]
 125 00c0 803003E2 		and	r3, r3, #128
 126 00c4 033082E1 		orr	r3, r2, r3
 127 00c8 0300A0E1 		mov	r0, r3
 128 00cc E6FFFFEB 		bl	__set_cpsr
 129              	.LM16:
 130 00d0 10301BE5 		ldr	r3, [fp, #-16]
 131              	.LM17:
 132 00d4 0300A0E1 		mov	r0, r3
 133 00d8 0CD04BE2 		sub	sp, fp, #12
 134 00dc 00689DE8 		ldmfd	sp, {fp, sp, lr}
 135 00e0 1EFF2FE1 		bx	lr
 136              	.LFE5:
 138              		.align	2
 139              		.global	enableIRQ
 141              	enableIRQ:
 142              	.LFB6:
 143              	.LM18:
 144              		@ Function supports interworking.
 145              		@ args = 0, pretend = 0, frame = 4
 146              		@ frame_needed = 1, uses_anonymous_args = 0
 147 00e4 0DC0A0E1 		mov	ip, sp
 148              	.LCFI16:
 149 00e8 00D82DE9 		stmfd	sp!, {fp, ip, lr, pc}
 150              	.LCFI17:
 151 00ec 04B04CE2 		sub	fp, ip, #4
 152              	.LCFI18:
 153 00f0 04D04DE2 		sub	sp, sp, #4
 154              	.LCFI19:
 155              	.LM19:
 156 00f4 D1FFFFEB 		bl	__get_cpsr
 157 00f8 0030A0E1 		mov	r3, r0
 158 00fc 10300BE5 		str	r3, [fp, #-16]
 159              	.LM20:
 160 0100 10301BE5 		ldr	r3, [fp, #-16]
 161 0104 8030C3E3 		bic	r3, r3, #128
 162 0108 0300A0E1 		mov	r0, r3
 163 010c D6FFFFEB 		bl	__set_cpsr
 164              	.LM21:
 165 0110 10301BE5 		ldr	r3, [fp, #-16]
 166              	.LM22:
 167 0114 0300A0E1 		mov	r0, r3
 168 0118 0CD04BE2 		sub	sp, fp, #12
 169 011c 00689DE8 		ldmfd	sp, {fp, sp, lr}
 170 0120 1EFF2FE1 		bx	lr
 171              	.LFE6:
 173              		.align	2
 174              		.global	disableFIQ
 176              	disableFIQ:
 177              	.LFB7:
 178              	.LM23:
 179              		@ Function supports interworking.
 180              		@ args = 0, pretend = 0, frame = 4
 181              		@ frame_needed = 1, uses_anonymous_args = 0
 182 0124 0DC0A0E1 		mov	ip, sp
 183              	.LCFI20:
 184 0128 00D82DE9 		stmfd	sp!, {fp, ip, lr, pc}
 185              	.LCFI21:
 186 012c 04B04CE2 		sub	fp, ip, #4
 187              	.LCFI22:
 188 0130 04D04DE2 		sub	sp, sp, #4
 189              	.LCFI23:
 190              	.LM24:
 191 0134 C1FFFFEB 		bl	__get_cpsr
 192 0138 0030A0E1 		mov	r3, r0
 193 013c 10300BE5 		str	r3, [fp, #-16]
 194              	.LM25:
 195 0140 10301BE5 		ldr	r3, [fp, #-16]
 196 0144 403083E3 		orr	r3, r3, #64
 197 0148 0300A0E1 		mov	r0, r3
 198 014c C6FFFFEB 		bl	__set_cpsr
 199              	.LM26:
 200 0150 10301BE5 		ldr	r3, [fp, #-16]
 201              	.LM27:
 202 0154 0300A0E1 		mov	r0, r3
 203 0158 0CD04BE2 		sub	sp, fp, #12
 204 015c 00689DE8 		ldmfd	sp, {fp, sp, lr}
 205 0160 1EFF2FE1 		bx	lr
 206              	.LFE7:
 208              		.align	2
 209              		.global	restoreFIQ
 211              	restoreFIQ:
 212              	.LFB8:
 213              	.LM28:
 214              		@ Function supports interworking.
 215              		@ args = 0, pretend = 0, frame = 8
 216              		@ frame_needed = 1, uses_anonymous_args = 0
 217 0164 0DC0A0E1 		mov	ip, sp
 218              	.LCFI24:
 219 0168 00D82DE9 		stmfd	sp!, {fp, ip, lr, pc}
 220              	.LCFI25:
 221 016c 04B04CE2 		sub	fp, ip, #4
 222              	.LCFI26:
 223 0170 08D04DE2 		sub	sp, sp, #8
 224              	.LCFI27:
 225 0174 14000BE5 		str	r0, [fp, #-20]
 226              	.LM29:
 227 0178 B0FFFFEB 		bl	__get_cpsr
 228 017c 0030A0E1 		mov	r3, r0
 229 0180 10300BE5 		str	r3, [fp, #-16]
 230              	.LM30:
 231 0184 10301BE5 		ldr	r3, [fp, #-16]
 232 0188 4020C3E3 		bic	r2, r3, #64
 233 018c 14301BE5 		ldr	r3, [fp, #-20]
 234 0190 403003E2 		and	r3, r3, #64
 235 0194 033082E1 		orr	r3, r2, r3
 236 0198 0300A0E1 		mov	r0, r3
 237 019c B2FFFFEB 		bl	__set_cpsr
 238              	.LM31:
 239 01a0 10301BE5 		ldr	r3, [fp, #-16]
 240              	.LM32:
 241 01a4 0300A0E1 		mov	r0, r3
 242 01a8 0CD04BE2 		sub	sp, fp, #12
 243 01ac 00689DE8 		ldmfd	sp, {fp, sp, lr}
 244 01b0 1EFF2FE1 		bx	lr
 245              	.LFE8:
 247              		.align	2
 248              		.global	enableFIQ
 250              	enableFIQ:
 251              	.LFB9:
 252              	.LM33:
 253              		@ Function supports interworking.
 254              		@ args = 0, pretend = 0, frame = 4
 255              		@ frame_needed = 1, uses_anonymous_args = 0
 256 01b4 0DC0A0E1 		mov	ip, sp
 257              	.LCFI28:
 258 01b8 00D82DE9 		stmfd	sp!, {fp, ip, lr, pc}
 259              	.LCFI29:
 260 01bc 04B04CE2 		sub	fp, ip, #4
 261              	.LCFI30:
 262 01c0 04D04DE2 		sub	sp, sp, #4
 263              	.LCFI31:
 264              	.LM34:
 265 01c4 9DFFFFEB 		bl	__get_cpsr
 266 01c8 0030A0E1 		mov	r3, r0
 267 01cc 10300BE5 		str	r3, [fp, #-16]
 268              	.LM35:
 269 01d0 10301BE5 		ldr	r3, [fp, #-16]
 270 01d4 4030C3E3 		bic	r3, r3, #64
 271 01d8 0300A0E1 		mov	r0, r3
 272 01dc A2FFFFEB 		bl	__set_cpsr
 273              	.LM36:
 274 01e0 10301BE5 		ldr	r3, [fp, #-16]
 275              	.LM37:
 276 01e4 0300A0E1 		mov	r0, r3
 277 01e8 0CD04BE2 		sub	sp, fp, #12
 278 01ec 00689DE8 		ldmfd	sp, {fp, sp, lr}
 279 01f0 1EFF2FE1 		bx	lr
 280              	.LFE9:
 498              	.Letext0:
DEFINED SYMBOLS
                            *ABS*:00000000 interrupt_utils.c
     /tmp/ccPOhsnB.s:10     .text:00000000 $a
     /tmp/ccPOhsnB.s:13     .text:00000000 disableIRQ
     /tmp/ccPOhsnB.s:47     .text:00000040 __get_cpsr
     /tmp/ccPOhsnB.s:75     .text:0000006c __set_cpsr
     /tmp/ccPOhsnB.s:102    .text:00000094 restoreIRQ
     /tmp/ccPOhsnB.s:141    .text:000000e4 enableIRQ
     /tmp/ccPOhsnB.s:176    .text:00000124 disableFIQ
     /tmp/ccPOhsnB.s:211    .text:00000164 restoreFIQ
     /tmp/ccPOhsnB.s:250    .text:000001b4 enableFIQ
     /tmp/ccPOhsnB.s:295    .debug_frame:00000010 $d

NO UNDEFINED SYMBOLS
