   1              		.file	"rt_pow32_snf.c"
   9              	.Ltext0:
  10              		.global	__eqsf2
  11              		.global	__gtsf2
  12              		.global	__divsf3
  13              		.global	__mulsf3
  14              		.global	__gesf2
  15              		.global	__extendsfdf2
  16              		.global	__truncdfsf2
  17              		.global	__ltsf2
  18              		.align	2
  19              		.global	rt_pow32_snf
  21              	rt_pow32_snf:
  22              	.LFB2:
  23              	.LM1:
  24              		@ Function supports interworking.
  25              		@ args = 0, pretend = 0, frame = 0
  26              		@ frame_needed = 0, uses_anonymous_args = 0
  27              	.LVL0:
  28 0000 F0402DE9 		stmfd	sp!, {r4, r5, r6, r7, lr}
  29              	.LCFI0:
  30              	.LM2:
  31 0004 0150A0E1 		mov	r5, r1
  32 0008 0040A0E1 		mov	r4, r0
  33              	.LM3:
  34 000c FEFFFFEB 		bl	rtIsNaNF
  35              	.LVL1:
  36 0010 000050E3 		cmp	r0, #0
  37 0014 0400000A 		beq	.L45
  38              	.LVL2:
  39              	.L42:
  40              	.LM4:
  41 0018 C8319FE5 		ldr	r3, .L49
  42 001c 004093E5 		ldr	r4, [r3, #0]	@ float
  43              	.LVL3:
  44              	.L5:
  45              	.LM5:
  46 0020 0400A0E1 		mov	r0, r4
  47 0024 F040BDE8 		ldmfd	sp!, {r4, r5, r6, r7, lr}
  48 0028 1EFF2FE1 		bx	lr
  49              	.LVL4:
  50              	.L45:
  51              	.LM6:
  52 002c 0500A0E1 		mov	r0, r5
  53 0030 FEFFFFEB 		bl	rtIsNaNF
  54 0034 000050E3 		cmp	r0, #0
  55 0038 F6FFFF1A 		bne	.L42
  56              	.LM7:
  57 003c 0500A0E1 		mov	r0, r5
  58 0040 FEFFFFEB 		bl	rtIsInfF
  59 0044 000050E3 		cmp	r0, #0
  60 0048 1500001A 		bne	.L46
  61              	.LM8:
  62 004c 0261C5E3 		bic	r6, r5, #-2147483648
  63              	.LVL5:
  64              	.LM9:
  65 0050 0600A0E1 		mov	r0, r6
  66 0054 0010A0E3 		mov	r1, #0
  67 0058 FEFFFFEB 		bl	__eqsf2
  68 005c 000050E3 		cmp	r0, #0
  69 0060 FE45A003 		moveq	r4, #1065353216
  70 0064 EDFFFF0A 		beq	.L5
  71              	.LM10:
  72 0068 0600A0E1 		mov	r0, r6
  73 006c FE15A0E3 		mov	r1, #1065353216
  74 0070 FEFFFFEB 		bl	__eqsf2
  75 0074 000050E3 		cmp	r0, #0
  76 0078 1C00001A 		bne	.L22
  77              	.LM11:
  78 007c 0500A0E1 		mov	r0, r5
  79 0080 0010A0E3 		mov	r1, #0
  80 0084 FEFFFFEB 		bl	__gtsf2
  81 0088 000050E3 		cmp	r0, #0
  82 008c E3FFFFCA 		bgt	.L5
  83 0090 0410A0E1 		mov	r1, r4
  84 0094 FE05A0E3 		mov	r0, #1065353216
  85 0098 FEFFFFEB 		bl	__divsf3
  86 009c 0040A0E1 		mov	r4, r0
  87 00a0 DEFFFFEA 		b	.L5
  88              	.LVL6:
  89              	.L46:
  90              	.LM12:
  91 00a4 0241C4E3 		bic	r4, r4, #-2147483648
  92              	.LVL7:
  93              	.LM13:
  94 00a8 0400A0E1 		mov	r0, r4
  95 00ac FE15A0E3 		mov	r1, #1065353216
  96 00b0 FEFFFFEB 		bl	__eqsf2
  97 00b4 000050E3 		cmp	r0, #0
  98 00b8 D6FFFF0A 		beq	.L42
  99              	.LM14:
 100 00bc 0400A0E1 		mov	r0, r4
 101 00c0 FE15A0E3 		mov	r1, #1065353216
 102 00c4 FEFFFFEB 		bl	__gtsf2
 103 00c8 000050E3 		cmp	r0, #0
 104 00cc 2C0000DA 		ble	.L11
 105              	.LM15:
 106 00d0 0500A0E1 		mov	r0, r5
 107 00d4 0010A0E3 		mov	r1, #0
 108 00d8 FEFFFFEB 		bl	__gtsf2
 109 00dc 000050E3 		cmp	r0, #0
 110 00e0 2C0000DA 		ble	.L43
 111              	.L16:
 112              	.LM16:
 113 00e4 00319FE5 		ldr	r3, .L49+4
 114 00e8 004093E5 		ldr	r4, [r3, #0]	@ float
 115              	.LVL8:
 116 00ec CBFFFFEA 		b	.L5
 117              	.LVL9:
 118              	.L22:
 119              	.LM17:
 120 00f0 0500A0E1 		mov	r0, r5
 121 00f4 0111A0E3 		mov	r1, #1073741824
 122 00f8 FEFFFFEB 		bl	__eqsf2
 123 00fc 000050E3 		cmp	r0, #0
 124 0100 0400001A 		bne	.L26
 125              	.LM18:
 126 0104 0400A0E1 		mov	r0, r4
 127 0108 0410A0E1 		mov	r1, r4
 128 010c FEFFFFEB 		bl	__mulsf3
 129 0110 0040A0E1 		mov	r4, r0
 130 0114 C1FFFFEA 		b	.L5
 131              	.L26:
 132              	.LM19:
 133 0118 0500A0E1 		mov	r0, r5
 134 011c 3F14A0E3 		mov	r1, #1056964608
 135 0120 FEFFFFEB 		bl	__eqsf2
 136 0124 000050E3 		cmp	r0, #0
 137 0128 0400001A 		bne	.L29
 138 012c 0400A0E1 		mov	r0, r4
 139 0130 0010A0E3 		mov	r1, #0
 140 0134 FEFFFFEB 		bl	__gesf2
 141 0138 000050E3 		cmp	r0, #0
 142 013c 230000AA 		bge	.L47
 143              	.L29:
 144              	.LM20:
 145 0140 0400A0E1 		mov	r0, r4
 146 0144 0010A0E3 		mov	r1, #0
 147 0148 FEFFFFEB 		bl	__ltsf2
 148 014c 000050E3 		cmp	r0, #0
 149 0150 120000BA 		blt	.L48
 150              	.LM21:
 151 0154 0500A0E1 		mov	r0, r5
 152 0158 FEFFFFEB 		bl	__extendsfdf2
 153 015c 0060A0E1 		mov	r6, r0
 154              	.LVL10:
 155 0160 0170A0E1 		mov	r7, r1
 156              	.L37:
 157              	.LM22:
 158 0164 0400A0E1 		mov	r0, r4
 159 0168 FEFFFFEB 		bl	__extendsfdf2
 160 016c 0620A0E1 		mov	r2, r6
 161 0170 0730A0E1 		mov	r3, r7
 162 0174 FEFFFFEB 		bl	pow
 163 0178 FEFFFFEB 		bl	__truncdfsf2
 164 017c 0040A0E1 		mov	r4, r0
 165 0180 A6FFFFEA 		b	.L5
 166              	.LVL11:
 167              	.L11:
 168              	.LM23:
 169 0184 0500A0E1 		mov	r0, r5
 170 0188 0010A0E3 		mov	r1, #0
 171 018c FEFFFFEB 		bl	__gtsf2
 172 0190 000050E3 		cmp	r0, #0
 173 0194 D2FFFFDA 		ble	.L16
 174              	.L43:
 175 0198 0040A0E3 		mov	r4, #0
 176              	.LVL12:
 177 019c 9FFFFFEA 		b	.L5
 178              	.LVL13:
 179              	.L48:
 180              	.LM24:
 181 01a0 0500A0E1 		mov	r0, r5
 182 01a4 FEFFFFEB 		bl	__extendsfdf2
 183 01a8 0060A0E1 		mov	r6, r0
 184              	.LVL14:
 185 01ac 0170A0E1 		mov	r7, r1
 186 01b0 FEFFFFEB 		bl	floor
 187 01b4 FEFFFFEB 		bl	__truncdfsf2
 188 01b8 0010A0E1 		mov	r1, r0
 189 01bc 0500A0E1 		mov	r0, r5
 190 01c0 FEFFFFEB 		bl	__gtsf2
 191 01c4 000050E3 		cmp	r0, #0
 192 01c8 E5FFFFDA 		ble	.L37
 193 01cc 91FFFFEA 		b	.L42
 194              	.LVL15:
 195              	.L47:
 196              	.LM25:
 197 01d0 0400A0E1 		mov	r0, r4
 198 01d4 FEFFFFEB 		bl	__extendsfdf2
 199 01d8 FEFFFFEB 		bl	sqrt
 200 01dc FEFFFFEB 		bl	__truncdfsf2
 201 01e0 0040A0E1 		mov	r4, r0
 202 01e4 8DFFFFEA 		b	.L5
 203              	.L50:
 204              		.align	2
 205              	.L49:
 206 01e8 00000000 		.word	rtNaNF
 207 01ec 00000000 		.word	rtInfF
 208              	.LFE2:
 248              	.Letext0:
DEFINED SYMBOLS
                            *ABS*:00000000 rt_pow32_snf.c
     /tmp/cckoBsIw.s:18     .text:00000000 $a
     /tmp/cckoBsIw.s:21     .text:00000000 rt_pow32_snf
     /tmp/cckoBsIw.s:206    .text:000001e8 $d
     /tmp/cckoBsIw.s:223    .debug_frame:00000010 $d

UNDEFINED SYMBOLS
__eqsf2
__gtsf2
__divsf3
__mulsf3
__gesf2
__extendsfdf2
__truncdfsf2
__ltsf2
rtIsNaNF
rtIsInfF
pow
floor
sqrt
rtNaNF
rtInfF
