   1              		.file	"rtGetNaN.c"
   9              	.Ltext0:
  10              		.align	2
  11              		.global	rtGetNaNF
  13              	rtGetNaNF:
  14              	.LFB3:
  15              	.LM1:
  16              		@ Function supports interworking.
  17              		@ args = 0, pretend = 0, frame = 4
  18              		@ frame_needed = 0, uses_anonymous_args = 0
  19              		@ link register save eliminated.
  20 0000 04D04DE2 		sub	sp, sp, #4
  21              	.LCFI0:
  22              	.LM2:
  23 0004 0130A0E3 		mov	r3, #1	@ movhi
  24 0008 B230CDE1 		strh	r3, [sp, #2]	@ movhi
  25              	.LVL0:
  26              	.LM3:
  27 000c 0230DDE5 		ldrb	r3, [sp, #2]	@ zero_extendqisi2
  28 0010 013053E2 		subs	r3, r3, #1
  29 0014 0130A013 		movne	r3, #1
  30 0018 000053E3 		cmp	r3, #0
  31              	.LM4:
  32 001c 0201A003 		moveq	r0, #-2147483648
  33              	.LVL1:
  34              	.LM5:
  35              		@ lr needed for prologue
  36              	.LM6:
  37 0020 C004A001 		moveq	r0, r0, asr #9
  38              	.LM7:
  39 0024 0100000A 		beq	.L2
  40 0028 010053E3 		cmp	r3, #1
  41 002c 0100000A 		beq	.L7
  42              	.L2:
  43              	.LVL2:
  44              	.LM8:
  45 0030 04D08DE2 		add	sp, sp, #4
  46 0034 1EFF2FE1 		bx	lr
  47              	.LVL3:
  48              	.L7:
  49              	.LM9:
  50 0038 0201E0E3 		mvn	r0, #-2147483648
  51 003c FBFFFFEA 		b	.L2
  52              	.LFE3:
  54              		.align	2
  55              		.global	rtGetNaN
  57              	rtGetNaN:
  58              	.LFB2:
  59              	.LM10:
  60              		@ Function supports interworking.
  61              		@ args = 0, pretend = 0, frame = 4
  62              		@ frame_needed = 0, uses_anonymous_args = 0
  63              		@ link register save eliminated.
  64 0040 70002DE9 		stmfd	sp!, {r4, r5, r6}
  65              	.LCFI1:
  66              	.LBB7:
  67              	.LM11:
  68 0044 0130A0E3 		mov	r3, #1	@ movhi
  69              	.LBE7:
  70              	.LM12:
  71 0048 04D04DE2 		sub	sp, sp, #4
  72              	.LCFI2:
  73              	.LBB8:
  74              	.LM13:
  75 004c B230CDE1 		strh	r3, [sp, #2]	@ movhi
  76              	.LVL4:
  77              	.LM14:
  78 0050 0230DDE5 		ldrb	r3, [sp, #2]	@ zero_extendqisi2
  79              	.LBB9:
  80              	.LM15:
  81 0054 0241A0E3 		mov	r4, #-2147483648
  82              	.LVL5:
  83              	.LBE9:
  84              	.LM16:
  85 0058 012053E2 		subs	r2, r3, #1
  86 005c 0120A013 		movne	r2, #1
  87              	.LBB10:
  88              	.LM17:
  89 0060 4446A0E1 		mov	r4, r4, asr #12
  90              	.LBE10:
  91              	.LM18:
  92 0064 000052E3 		cmp	r2, #0
  93              	.LBE8:
  94              	.LM19:
  95              		@ lr needed for prologue
  96 0068 0050A0E3 		mov	r5, #0
  97              	.LVL6:
  98 006c 0060A0E3 		mov	r6, #0
  99              	.LVL7:
 100              	.LBB11:
 101              	.LBB12:
 102              	.LM20:
 103 0070 0200A0E1 		mov	r0, r2
 104              	.LVL8:
 105 0074 0410A0E1 		mov	r1, r4
 106              	.LVL9:
 107              	.LBE12:
 108              	.LM21:
 109 0078 0600000A 		beq	.L12
 110              	.LVL10:
 111 007c 010052E3 		cmp	r2, #1
 112              	.LBB13:
 113              	.LM22:
 114 0080 0251E0E3 		mvn	r5, #-2147483648
 115              	.LM23:
 116 0084 0060E0E3 		mvn	r6, #0
 117              	.LBE13:
 118              	.LM24:
 119 0088 0000A0E3 		mov	r0, #0
 120 008c 0010A0E3 		mov	r1, #0
 121              	.LBB14:
 122              	.LM25:
 123 0090 0500A001 		moveq	r0, r5
 124 0094 0610A001 		moveq	r1, r6
 125              	.LVL11:
 126              	.L12:
 127              	.LVL12:
 128              	.LBE14:
 129              	.LBE11:
 130              	.LM26:
 131 0098 04D08DE2 		add	sp, sp, #4
 132 009c 7000BDE8 		ldmfd	sp!, {r4, r5, r6}
 133 00a0 1EFF2FE1 		bx	lr
 134              	.LFE2:
 186              	.Letext0:
DEFINED SYMBOLS
                            *ABS*:00000000 rtGetNaN.c
     /tmp/ccSZ5eGP.s:10     .text:00000000 $a
     /tmp/ccSZ5eGP.s:13     .text:00000000 rtGetNaNF
     /tmp/ccSZ5eGP.s:57     .text:00000040 rtGetNaN
     /tmp/ccSZ5eGP.s:149    .debug_frame:00000010 $d

NO UNDEFINED SYMBOLS
